2026-06-08 09:32:30,799 INFO Job started at 2026-06-08T09:32:30Z
2026-06-08 09:32:30,801 INFO Config loaded from config.yaml
2026-06-08 09:32:30,802 INFO Config validated — seed=42, window=5, version=v1
2026-06-08 09:32:30,849 ERROR Missing required column: close
Traceback (most recent call last):
  File "C:\Users\leekh\OneDrive - Amrita vishwa vidyapeetham\Git\ML_inten\run.py", line 105, in main
    df = DataValidator.validate(args.input)
         ^^^^^^^^^^^^^^^^^^^^^^^^^^^^^^^^^^
  File "C:\Users\leekh\OneDrive - Amrita vishwa vidyapeetham\Git\ML_inten\src\validator.py", line 30, in validate
    raise ValueError("Missing required column: close")
ValueError: Missing required column: close
2026-06-08 09:33:39,444 INFO Job started at 2026-06-08T09:33:39Z
2026-06-08 09:33:39,448 INFO Config loaded from config.yaml
2026-06-08 09:33:39,449 INFO Config validated — seed=42, window=5, version=v1
2026-06-08 09:33:39,507 INFO Dataset loaded — 10000 rows from data.csv
2026-06-08 09:33:39,508 INFO Computing rolling mean (window=5)
2026-06-08 09:33:39,511 INFO Generating binary signal
2026-06-08 09:33:39,519 INFO Metrics computed — rows_processed=10000, signal_rate=0.4989, latency_ms=77
2026-06-08 09:33:39,529 INFO Job completed successfully
2026-06-08 09:50:03,600 INFO Job started at 2026-06-08T09:50:03Z
2026-06-08 09:50:03,601 INFO Config loaded from config.yaml
2026-06-08 09:50:03,601 INFO Config validated — seed=42, window=5, version=v1
2026-06-08 09:50:03,617 INFO Dataset loaded — 10000 rows from data.csv
2026-06-08 09:50:03,617 INFO Computing rolling mean (window=5)
2026-06-08 09:50:03,617 INFO Generating binary signal
2026-06-08 09:50:03,621 INFO Metrics computed — rows_processed=10000, signal_rate=0.4989, latency_ms=20
2026-06-08 09:50:03,622 INFO Job completed successfully
